<?xml version="1.0" encoding="UTF-8"?>
<coverage generated="1505227850978" clover="3.2.0">
  <project timestamp="1505227850978" name="All files">
    <metrics statements="68" coveredstatements="59" conditionals="50" coveredconditionals="39" methods="18" coveredmethods="15" elements="136" coveredelements="113" complexity="0" loc="68" ncloc="68" packages="4" files="15" classes="15">
      <package name="src">
        <metrics statements="6" coveredstatements="6" conditionals="0" coveredconditionals="0" methods="2" coveredmethods="2"/>
        <file name="theme.js" path="/var/www/hotReload/src/theme.js">
          <metrics statements="6" coveredstatements="6" conditionals="0" coveredconditionals="0" methods="2" coveredmethods="2"/>
          <line num="2" count="8" type="stmt"/>
          <line num="11" count="8" type="stmt"/>
          <line num="12" count="40" type="stmt"/>
          <line num="17" count="40" type="stmt"/>
          <line num="21" count="8" type="stmt"/>
          <line num="37" count="8" type="stmt"/>
        </file>
      </package>
      <package name="src.components">
        <metrics statements="52" coveredstatements="44" conditionals="47" coveredconditionals="37" methods="15" coveredmethods="12"/>
        <file name="H1.js" path="/var/www/hotReload/src/components/H1.js">
          <metrics statements="1" coveredstatements="1" conditionals="0" coveredconditionals="0" methods="0" coveredmethods="0"/>
          <line num="3" count="1" type="stmt"/>
        </file>
        <file name="Link.js" path="/var/www/hotReload/src/components/Link.js">
          <metrics statements="17" coveredstatements="9" conditionals="15" coveredconditionals="5" methods="5" coveredmethods="2"/>
          <line num="5" count="1" type="stmt"/>
          <line num="20" count="2" type="cond" truecount="2" falsecount="0"/>
          <line num="21" count="1" type="stmt"/>
          <line num="23" count="2" type="cond" truecount="2" falsecount="2"/>
          <line num="24" count="2" type="stmt"/>
          <line num="25" count="0" type="cond" truecount="0" falsecount="3"/>
          <line num="30" count="0" type="stmt"/>
          <line num="34" count="0" type="stmt"/>
          <line num="35" count="0" type="stmt"/>
          <line num="37" count="0" type="cond" truecount="0" falsecount="2"/>
          <line num="38" count="0" type="stmt"/>
          <line num="41" count="0" type="cond" truecount="0" falsecount="2"/>
          <line num="42" count="0" type="stmt"/>
          <line num="46" count="2" type="stmt"/>
          <line num="54" count="2" type="stmt"/>
          <line num="56" count="2" type="cond" truecount="1" falsecount="1"/>
          <line num="58" count="2" type="stmt"/>
        </file>
        <file name="alert.js" path="/var/www/hotReload/src/components/alert.js">
          <metrics statements="5" coveredstatements="5" conditionals="4" coveredconditionals="4" methods="2" coveredmethods="2"/>
          <line num="4" count="1" type="stmt"/>
          <line num="16" count="3" type="cond" truecount="2" falsecount="0"/>
          <line num="17" count="1" type="stmt"/>
          <line num="25" count="3" type="cond" truecount="2" falsecount="0"/>
          <line num="26" count="1" type="stmt"/>
        </file>
        <file name="box.js" path="/var/www/hotReload/src/components/box.js">
          <metrics statements="9" coveredstatements="9" conditionals="8" coveredconditionals="8" methods="1" coveredmethods="1"/>
          <line num="4" count="1" type="stmt"/>
          <line num="17" count="5" type="cond" truecount="2" falsecount="0"/>
          <line num="18" count="1" type="stmt"/>
          <line num="21" count="4" type="cond" truecount="2" falsecount="0"/>
          <line num="22" count="1" type="stmt"/>
          <line num="25" count="3" type="cond" truecount="2" falsecount="0"/>
          <line num="26" count="1" type="stmt"/>
          <line num="29" count="2" type="cond" truecount="2" falsecount="0"/>
          <line num="30" count="1" type="stmt"/>
        </file>
        <file name="button.js" path="/var/www/hotReload/src/components/button.js">
          <metrics statements="7" coveredstatements="7" conditionals="12" coveredconditionals="12" methods="6" coveredmethods="6"/>
          <line num="5" count="1" type="stmt"/>
          <line num="9" count="2" type="cond" truecount="2" falsecount="0"/>
          <line num="18" count="2" type="cond" truecount="2" falsecount="0"/>
          <line num="20" count="2" type="cond" truecount="2" falsecount="0"/>
          <line num="25" count="2" type="cond" truecount="2" falsecount="0"/>
          <line num="26" count="2" type="cond" truecount="2" falsecount="0"/>
          <line num="28" count="2" type="cond" truecount="2" falsecount="0"/>
        </file>
        <file name="column.js" path="/var/www/hotReload/src/components/column.js">
          <metrics statements="1" coveredstatements="1" conditionals="0" coveredconditionals="0" methods="0" coveredmethods="0"/>
          <line num="4" count="1" type="stmt"/>
        </file>
        <file name="input.js" path="/var/www/hotReload/src/components/input.js">
          <metrics statements="1" coveredstatements="1" conditionals="0" coveredconditionals="0" methods="0" coveredmethods="0"/>
          <line num="4" count="3" type="stmt"/>
        </file>
        <file name="row.js" path="/var/www/hotReload/src/components/row.js">
          <metrics statements="9" coveredstatements="9" conditionals="8" coveredconditionals="8" methods="1" coveredmethods="1"/>
          <line num="4" count="1" type="stmt"/>
          <line num="18" count="5" type="cond" truecount="2" falsecount="0"/>
          <line num="19" count="1" type="stmt"/>
          <line num="22" count="4" type="cond" truecount="2" falsecount="0"/>
          <line num="23" count="1" type="stmt"/>
          <line num="26" count="3" type="cond" truecount="2" falsecount="0"/>
          <line num="27" count="1" type="stmt"/>
          <line num="30" count="2" type="cond" truecount="2" falsecount="0"/>
          <line num="31" count="1" type="stmt"/>
        </file>
        <file name="select.js" path="/var/www/hotReload/src/components/select.js">
          <metrics statements="1" coveredstatements="1" conditionals="0" coveredconditionals="0" methods="0" coveredmethods="0"/>
          <line num="3" count="1" type="stmt"/>
        </file>
        <file name="textarea.js" path="/var/www/hotReload/src/components/textarea.js">
          <metrics statements="1" coveredstatements="1" conditionals="0" coveredconditionals="0" methods="0" coveredmethods="0"/>
          <line num="3" count="1" type="stmt"/>
        </file>
      </package>
      <package name="src.reducers">
        <metrics statements="4" coveredstatements="3" conditionals="3" coveredconditionals="2" methods="1" coveredmethods="1"/>
        <file name="toto.js" path="/var/www/hotReload/src/reducers/toto.js">
          <metrics statements="4" coveredstatements="3" conditionals="3" coveredconditionals="2" methods="1" coveredmethods="1"/>
          <line num="1" count="1" type="stmt"/>
          <line num="7" count="2" type="cond" truecount="1" falsecount="1"/>
          <line num="9" count="0" type="stmt"/>
          <line num="11" count="2" type="stmt"/>
        </file>
      </package>
      <package name="src.store">
        <metrics statements="6" coveredstatements="6" conditionals="0" coveredconditionals="0" methods="0" coveredmethods="0"/>
        <file name="datas.js" path="/var/www/hotReload/src/store/datas.js">
          <metrics statements="2" coveredstatements="2" conditionals="0" coveredconditionals="0" methods="0" coveredmethods="0"/>
          <line num="8" count="1" type="stmt"/>
          <line num="12" count="1" type="stmt"/>
        </file>
        <file name="index.js" path="/var/www/hotReload/src/store/index.js">
          <metrics statements="0" coveredstatements="0" conditionals="0" coveredconditionals="0" methods="0" coveredmethods="0"/>
        </file>
        <file name="router.js" path="/var/www/hotReload/src/store/router.js">
          <metrics statements="4" coveredstatements="4" conditionals="0" coveredconditionals="0" methods="0" coveredmethods="0"/>
          <line num="6" count="1" type="stmt"/>
          <line num="9" count="1" type="stmt"/>
          <line num="10" count="1" type="stmt"/>
          <line num="12" count="1" type="stmt"/>
        </file>
      </package>
    </metrics>
  </project>
</coverage>
