{"/var/www/hotReload/src/theme.js": {"path":"/var/www/hotReload/src/theme.js","statementMap":{"0":{"start":{"line":2,"column":14},"end":{"line":8,"column":1}},"1":{"start":{"line":11,"column":21},"end":{"line":18,"column":6}},"2":{"start":{"line":12,"column":1},"end":{"line":16,"column":2}},"3":{"start":{"line":12,"column":27},"end":{"line":16,"column":2}},"4":{"start":{"line":17,"column":1},"end":{"line":17,"column":11}},"5":{"start":{"line":21,"column":21},"end":{"line":34,"column":1}},"6":{"start":{"line":37,"column":0},"end":{"line":150,"column":2}}},"fnMap":{"0":{"name":"(anonymous_0)","decl":{"start":{"line":11,"column":47},"end":{"line":11,"column":48}},"loc":{"start":{"line":11,"column":63},"end":{"line":18,"column":1}},"line":11},"1":{"name":"(anonymous_1)","decl":{"start":{"line":12,"column":14},"end":{"line":12,"column":15}},"loc":{"start":{"line":12,"column":27},"end":{"line":16,"column":2}},"line":12}},"branchMap":{},"s":{"0":8,"1":8,"2":40,"3":4,"4":40,"5":8,"6":8},"f":{"0":40,"1":4},"b":{},"_coverageSchema":"332fd63041d2c1bcb487cc26dd0d5f7d97098a6c","hash":"51af0410435dcc77859c542f526d7b44b7b27fc0"}
,"/var/www/hotReload/src/components/H1.js": {"path":"/var/www/hotReload/src/components/H1.js","statementMap":{"0":{"start":{"line":3,"column":0},"end":{"line":13,"column":2}}},"fnMap":{},"branchMap":{},"s":{"0":1},"f":{},"b":{},"_coverageSchema":"332fd63041d2c1bcb487cc26dd0d5f7d97098a6c","hash":"6beb6cc71d7ef999111b4facbb0b7813b4700eda"}
,"/var/www/hotReload/src/components/Link.js": {"path":"/var/www/hotReload/src/components/Link.js","statementMap":{"0":{"start":{"line":5,"column":10},"end":{"line":5,"column":20}},"1":{"start":{"line":20,"column":2},"end":{"line":22,"column":3}},"2":{"start":{"line":21,"column":3},"end":{"line":21,"column":42}},"3":{"start":{"line":23,"column":2},"end":{"line":23,"column":138}},"4":{"start":{"line":24,"column":2},"end":{"line":26,"column":4}},"5":{"start":{"line":25,"column":3},"end":{"line":25,"column":116}},"6":{"start":{"line":30,"column":2},"end":{"line":30,"column":21}},"7":{"start":{"line":34,"column":2},"end":{"line":34,"column":21}},"8":{"start":{"line":35,"column":2},"end":{"line":35,"column":22}},"9":{"start":{"line":37,"column":2},"end":{"line":39,"column":3}},"10":{"start":{"line":38,"column":3},"end":{"line":38,"column":25}},"11":{"start":{"line":41,"column":2},"end":{"line":42,"column":43}},"12":{"start":{"line":42,"column":3},"end":{"line":42,"column":43}},"13":{"start":{"line":46,"column":19},"end":{"line":46,"column":29}},"14":{"start":{"line":54,"column":6},"end":{"line":54,"column":16}},"15":{"start":{"line":56,"column":2},"end":{"line":56,"column":40}},"16":{"start":{"line":58,"column":2},"end":{"line":58,"column":97}}},"fnMap":{"0":{"name":"(anonymous_0)","decl":{"start":{"line":18,"column":1},"end":{"line":18,"column":2}},"loc":{"start":{"line":18,"column":22},"end":{"line":27,"column":2}},"line":18},"1":{"name":"(anonymous_1)","decl":{"start":{"line":24,"column":38},"end":{"line":24,"column":39}},"loc":{"start":{"line":24,"column":44},"end":{"line":26,"column":3}},"line":24},"2":{"name":"(anonymous_2)","decl":{"start":{"line":29,"column":1},"end":{"line":29,"column":2}},"loc":{"start":{"line":29,"column":24},"end":{"line":31,"column":2}},"line":29},"3":{"name":"(anonymous_3)","decl":{"start":{"line":33,"column":13},"end":{"line":33,"column":14}},"loc":{"start":{"line":33,"column":20},"end":{"line":43,"column":2}},"line":33},"4":{"name":"(anonymous_4)","decl":{"start":{"line":45,"column":1},"end":{"line":45,"column":2}},"loc":{"start":{"line":45,"column":10},"end":{"line":59,"column":2}},"line":45}},"branchMap":{"0":{"loc":{"start":{"line":20,"column":2},"end":{"line":22,"column":3}},"type":"if","locations":[{"start":{"line":20,"column":2},"end":{"line":22,"column":3}},{"start":{"line":20,"column":2},"end":{"line":22,"column":3}}],"line":20},"1":{"loc":{"start":{"line":23,"column":26},"end":{"line":23,"column":135}},"type":"binary-expr","locations":[{"start":{"line":23,"column":26},"end":{"line":23,"column":68}},{"start":{"line":23,"column":72},"end":{"line":23,"column":91}},{"start":{"line":23,"column":95},"end":{"line":23,"column":98}},{"start":{"line":23,"column":102},"end":{"line":23,"column":135}}],"line":23},"2":{"loc":{"start":{"line":25,"column":27},"end":{"line":25,"column":113}},"type":"binary-expr","locations":[{"start":{"line":25,"column":27},"end":{"line":25,"column":69}},{"start":{"line":25,"column":73},"end":{"line":25,"column":76}},{"start":{"line":25,"column":80},"end":{"line":25,"column":113}}],"line":25},"3":{"loc":{"start":{"line":37,"column":2},"end":{"line":39,"column":3}},"type":"if","locations":[{"start":{"line":37,"column":2},"end":{"line":39,"column":3}},{"start":{"line":37,"column":2},"end":{"line":39,"column":3}}],"line":37},"4":{"loc":{"start":{"line":41,"column":2},"end":{"line":42,"column":43}},"type":"if","locations":[{"start":{"line":41,"column":2},"end":{"line":42,"column":43}},{"start":{"line":41,"column":2},"end":{"line":42,"column":43}}],"line":41},"5":{"loc":{"start":{"line":56,"column":15},"end":{"line":56,"column":40}},"type":"cond-expr","locations":[{"start":{"line":56,"column":24},"end":{"line":56,"column":35}},{"start":{"line":56,"column":38},"end":{"line":56,"column":40}}],"line":56}},"s":{"0":1,"1":2,"2":1,"3":2,"4":2,"5":0,"6":0,"7":0,"8":0,"9":0,"10":0,"11":0,"12":0,"13":2,"14":2,"15":2,"16":2},"f":{"0":2,"1":0,"2":0,"3":0,"4":2},"b":{"0":[1,1],"1":[2,1,0,0],"2":[0,0,0],"3":[0,0],"4":[0,0],"5":[2,0]},"_coverageSchema":"332fd63041d2c1bcb487cc26dd0d5f7d97098a6c","hash":"b4c3e98e351adc6ec595ed8e16b3c003052bcc1b"}
,"/var/www/hotReload/src/components/alert.js": {"path":"/var/www/hotReload/src/components/alert.js","statementMap":{"0":{"start":{"line":4,"column":0},"end":{"line":31,"column":2}},"1":{"start":{"line":16,"column":2},"end":{"line":20,"column":3}},"2":{"start":{"line":17,"column":3},"end":{"line":19,"column":27}},"3":{"start":{"line":25,"column":2},"end":{"line":29,"column":3}},"4":{"start":{"line":26,"column":3},"end":{"line":28,"column":28}}},"fnMap":{"0":{"name":"(anonymous_0)","decl":{"start":{"line":15,"column":3},"end":{"line":15,"column":4}},"loc":{"start":{"line":15,"column":12},"end":{"line":21,"column":2}},"line":15},"1":{"name":"(anonymous_1)","decl":{"start":{"line":24,"column":3},"end":{"line":24,"column":4}},"loc":{"start":{"line":24,"column":12},"end":{"line":30,"column":2}},"line":24}},"branchMap":{"0":{"loc":{"start":{"line":16,"column":2},"end":{"line":20,"column":3}},"type":"if","locations":[{"start":{"line":16,"column":2},"end":{"line":20,"column":3}},{"start":{"line":16,"column":2},"end":{"line":20,"column":3}}],"line":16},"1":{"loc":{"start":{"line":25,"column":2},"end":{"line":29,"column":3}},"type":"if","locations":[{"start":{"line":25,"column":2},"end":{"line":29,"column":3}},{"start":{"line":25,"column":2},"end":{"line":29,"column":3}}],"line":25}},"s":{"0":1,"1":3,"2":1,"3":3,"4":1},"f":{"0":3,"1":3},"b":{"0":[1,2],"1":[1,2]},"_coverageSchema":"332fd63041d2c1bcb487cc26dd0d5f7d97098a6c","hash":"5d27f639a21dcc981224dc59ce1a0d850f6a97a9"}
,"/var/www/hotReload/src/components/box.js": {"path":"/var/www/hotReload/src/components/box.js","statementMap":{"0":{"start":{"line":4,"column":0},"end":{"line":35,"column":2}},"1":{"start":{"line":17,"column":2},"end":{"line":33,"column":3}},"2":{"start":{"line":18,"column":3},"end":{"line":20,"column":5}},"3":{"start":{"line":21,"column":9},"end":{"line":33,"column":3}},"4":{"start":{"line":22,"column":3},"end":{"line":24,"column":5}},"5":{"start":{"line":25,"column":9},"end":{"line":33,"column":3}},"6":{"start":{"line":26,"column":3},"end":{"line":28,"column":5}},"7":{"start":{"line":29,"column":9},"end":{"line":33,"column":3}},"8":{"start":{"line":30,"column":3},"end":{"line":32,"column":5}}},"fnMap":{"0":{"name":"(anonymous_0)","decl":{"start":{"line":16,"column":3},"end":{"line":16,"column":4}},"loc":{"start":{"line":16,"column":12},"end":{"line":34,"column":2}},"line":16}},"branchMap":{"0":{"loc":{"start":{"line":17,"column":2},"end":{"line":33,"column":3}},"type":"if","locations":[{"start":{"line":17,"column":2},"end":{"line":33,"column":3}},{"start":{"line":17,"column":2},"end":{"line":33,"column":3}}],"line":17},"1":{"loc":{"start":{"line":21,"column":9},"end":{"line":33,"column":3}},"type":"if","locations":[{"start":{"line":21,"column":9},"end":{"line":33,"column":3}},{"start":{"line":21,"column":9},"end":{"line":33,"column":3}}],"line":21},"2":{"loc":{"start":{"line":25,"column":9},"end":{"line":33,"column":3}},"type":"if","locations":[{"start":{"line":25,"column":9},"end":{"line":33,"column":3}},{"start":{"line":25,"column":9},"end":{"line":33,"column":3}}],"line":25},"3":{"loc":{"start":{"line":29,"column":9},"end":{"line":33,"column":3}},"type":"if","locations":[{"start":{"line":29,"column":9},"end":{"line":33,"column":3}},{"start":{"line":29,"column":9},"end":{"line":33,"column":3}}],"line":29}},"s":{"0":1,"1":5,"2":1,"3":4,"4":1,"5":3,"6":1,"7":2,"8":1},"f":{"0":5},"b":{"0":[1,4],"1":[1,3],"2":[1,2],"3":[1,1]},"_coverageSchema":"332fd63041d2c1bcb487cc26dd0d5f7d97098a6c","hash":"8f9d918c44be29789cfef4a6c1e1e32ee0a02b5e"}
,"/var/www/hotReload/src/components/button.js": {"path":"/var/www/hotReload/src/components/button.js","statementMap":{"0":{"start":{"line":5,"column":0},"end":{"line":43,"column":2}},"1":{"start":{"line":9,"column":20},"end":{"line":9,"column":51}},"2":{"start":{"line":18,"column":31},"end":{"line":18,"column":82}},"3":{"start":{"line":20,"column":31},"end":{"line":20,"column":87}},"4":{"start":{"line":25,"column":22},"end":{"line":25,"column":53}},"5":{"start":{"line":26,"column":29},"end":{"line":26,"column":85}},"6":{"start":{"line":28,"column":33},"end":{"line":28,"column":80}}},"fnMap":{"0":{"name":"(anonymous_0)","decl":{"start":{"line":9,"column":11},"end":{"line":9,"column":12}},"loc":{"start":{"line":9,"column":20},"end":{"line":9,"column":51}},"line":9},"1":{"name":"(anonymous_1)","decl":{"start":{"line":18,"column":22},"end":{"line":18,"column":23}},"loc":{"start":{"line":18,"column":31},"end":{"line":18,"column":82}},"line":18},"2":{"name":"(anonymous_2)","decl":{"start":{"line":20,"column":22},"end":{"line":20,"column":23}},"loc":{"start":{"line":20,"column":31},"end":{"line":20,"column":87}},"line":20},"3":{"name":"(anonymous_3)","decl":{"start":{"line":25,"column":13},"end":{"line":25,"column":14}},"loc":{"start":{"line":25,"column":22},"end":{"line":25,"column":53}},"line":25},"4":{"name":"(anonymous_4)","decl":{"start":{"line":26,"column":20},"end":{"line":26,"column":21}},"loc":{"start":{"line":26,"column":29},"end":{"line":26,"column":85}},"line":26},"5":{"name":"(anonymous_5)","decl":{"start":{"line":28,"column":24},"end":{"line":28,"column":25}},"loc":{"start":{"line":28,"column":33},"end":{"line":28,"column":80}},"line":28}},"branchMap":{"0":{"loc":{"start":{"line":9,"column":20},"end":{"line":9,"column":51}},"type":"cond-expr","locations":[{"start":{"line":9,"column":36},"end":{"line":9,"column":42}},{"start":{"line":9,"column":45},"end":{"line":9,"column":51}}],"line":9},"1":{"loc":{"start":{"line":18,"column":31},"end":{"line":18,"column":82}},"type":"cond-expr","locations":[{"start":{"line":18,"column":47},"end":{"line":18,"column":66}},{"start":{"line":18,"column":69},"end":{"line":18,"column":82}}],"line":18},"2":{"loc":{"start":{"line":20,"column":31},"end":{"line":20,"column":87}},"type":"cond-expr","locations":[{"start":{"line":20,"column":47},"end":{"line":20,"column":66}},{"start":{"line":20,"column":69},"end":{"line":20,"column":87}}],"line":20},"3":{"loc":{"start":{"line":25,"column":22},"end":{"line":25,"column":53}},"type":"cond-expr","locations":[{"start":{"line":25,"column":38},"end":{"line":25,"column":44}},{"start":{"line":25,"column":47},"end":{"line":25,"column":53}}],"line":25},"4":{"loc":{"start":{"line":26,"column":29},"end":{"line":26,"column":85}},"type":"cond-expr","locations":[{"start":{"line":26,"column":45},"end":{"line":26,"column":64}},{"start":{"line":26,"column":67},"end":{"line":26,"column":85}}],"line":26},"5":{"loc":{"start":{"line":28,"column":33},"end":{"line":28,"column":80}},"type":"cond-expr","locations":[{"start":{"line":28,"column":49},"end":{"line":28,"column":68}},{"start":{"line":28,"column":71},"end":{"line":28,"column":80}}],"line":28}},"s":{"0":1,"1":2,"2":2,"3":2,"4":2,"5":2,"6":2},"f":{"0":2,"1":2,"2":2,"3":2,"4":2,"5":2},"b":{"0":[1,1],"1":[1,1],"2":[1,1],"3":[1,1],"4":[1,1],"5":[1,1]},"_coverageSchema":"332fd63041d2c1bcb487cc26dd0d5f7d97098a6c","hash":"be9ca4fc3b8ec5543d8efd5ddf2e0c4e04fba870"}
,"/var/www/hotReload/src/components/column.js": {"path":"/var/www/hotReload/src/components/column.js","statementMap":{"0":{"start":{"line":4,"column":0},"end":{"line":15,"column":2}}},"fnMap":{},"branchMap":{},"s":{"0":1},"f":{},"b":{},"_coverageSchema":"332fd63041d2c1bcb487cc26dd0d5f7d97098a6c","hash":"9f9e3d833bfb8c68ff4112e045745f53f38a298d"}
,"/var/www/hotReload/src/components/input.js": {"path":"/var/www/hotReload/src/components/input.js","statementMap":{"0":{"start":{"line":4,"column":0},"end":{"line":16,"column":2}}},"fnMap":{},"branchMap":{},"s":{"0":3},"f":{},"b":{},"_coverageSchema":"332fd63041d2c1bcb487cc26dd0d5f7d97098a6c","hash":"11bac8e98dcbbbf86e15af91359760dde0adf3b0"}
,"/var/www/hotReload/src/components/row.js": {"path":"/var/www/hotReload/src/components/row.js","statementMap":{"0":{"start":{"line":4,"column":0},"end":{"line":36,"column":2}},"1":{"start":{"line":18,"column":2},"end":{"line":34,"column":3}},"2":{"start":{"line":19,"column":3},"end":{"line":21,"column":5}},"3":{"start":{"line":22,"column":9},"end":{"line":34,"column":3}},"4":{"start":{"line":23,"column":3},"end":{"line":25,"column":5}},"5":{"start":{"line":26,"column":9},"end":{"line":34,"column":3}},"6":{"start":{"line":27,"column":3},"end":{"line":29,"column":5}},"7":{"start":{"line":30,"column":9},"end":{"line":34,"column":3}},"8":{"start":{"line":31,"column":3},"end":{"line":33,"column":5}}},"fnMap":{"0":{"name":"(anonymous_0)","decl":{"start":{"line":17,"column":3},"end":{"line":17,"column":4}},"loc":{"start":{"line":17,"column":12},"end":{"line":35,"column":2}},"line":17}},"branchMap":{"0":{"loc":{"start":{"line":18,"column":2},"end":{"line":34,"column":3}},"type":"if","locations":[{"start":{"line":18,"column":2},"end":{"line":34,"column":3}},{"start":{"line":18,"column":2},"end":{"line":34,"column":3}}],"line":18},"1":{"loc":{"start":{"line":22,"column":9},"end":{"line":34,"column":3}},"type":"if","locations":[{"start":{"line":22,"column":9},"end":{"line":34,"column":3}},{"start":{"line":22,"column":9},"end":{"line":34,"column":3}}],"line":22},"2":{"loc":{"start":{"line":26,"column":9},"end":{"line":34,"column":3}},"type":"if","locations":[{"start":{"line":26,"column":9},"end":{"line":34,"column":3}},{"start":{"line":26,"column":9},"end":{"line":34,"column":3}}],"line":26},"3":{"loc":{"start":{"line":30,"column":9},"end":{"line":34,"column":3}},"type":"if","locations":[{"start":{"line":30,"column":9},"end":{"line":34,"column":3}},{"start":{"line":30,"column":9},"end":{"line":34,"column":3}}],"line":30}},"s":{"0":1,"1":5,"2":1,"3":4,"4":1,"5":3,"6":1,"7":2,"8":1},"f":{"0":5},"b":{"0":[1,4],"1":[1,3],"2":[1,2],"3":[1,1]},"_coverageSchema":"332fd63041d2c1bcb487cc26dd0d5f7d97098a6c","hash":"3c1efb371e2ef61878d6c5d8713c5b10beb36290"}
,"/var/www/hotReload/src/components/select.js": {"path":"/var/www/hotReload/src/components/select.js","statementMap":{"0":{"start":{"line":3,"column":0},"end":{"line":3,"column":47}}},"fnMap":{},"branchMap":{},"s":{"0":1},"f":{},"b":{},"_coverageSchema":"332fd63041d2c1bcb487cc26dd0d5f7d97098a6c","hash":"d919946c233181c2af218a4b46c1d31eef8c5337"}
,"/var/www/hotReload/src/components/textarea.js": {"path":"/var/www/hotReload/src/components/textarea.js","statementMap":{"0":{"start":{"line":3,"column":0},"end":{"line":3,"column":49}}},"fnMap":{},"branchMap":{},"s":{"0":1},"f":{},"b":{},"_coverageSchema":"332fd63041d2c1bcb487cc26dd0d5f7d97098a6c","hash":"09830cfd62889dd7ef24426b15abbb0f34735b4c"}
,"/var/www/hotReload/src/reducers/toto.js": {"path":"/var/www/hotReload/src/reducers/toto.js","statementMap":{"0":{"start":{"line":1,"column":19},"end":{"line":4,"column":1}},"1":{"start":{"line":7,"column":2},"end":{"line":12,"column":3}},"2":{"start":{"line":9,"column":6},"end":{"line":9,"column":60}},"3":{"start":{"line":11,"column":6},"end":{"line":11,"column":18}}},"fnMap":{"0":{"name":"selectedSubreddit","decl":{"start":{"line":6,"column":24},"end":{"line":6,"column":41}},"loc":{"start":{"line":6,"column":83},"end":{"line":13,"column":1}},"line":6}},"branchMap":{"0":{"loc":{"start":{"line":6,"column":42},"end":{"line":6,"column":62}},"type":"default-arg","locations":[{"start":{"line":6,"column":50},"end":{"line":6,"column":62}}],"line":6},"1":{"loc":{"start":{"line":7,"column":2},"end":{"line":12,"column":3}},"type":"switch","locations":[{"start":{"line":8,"column":4},"end":{"line":9,"column":60}},{"start":{"line":10,"column":4},"end":{"line":11,"column":18}}],"line":7}},"s":{"0":1,"1":2,"2":0,"3":2},"f":{"0":2},"b":{"0":[1],"1":[0,2]},"_coverageSchema":"332fd63041d2c1bcb487cc26dd0d5f7d97098a6c","hash":"b0c4d3a2ab5ac1e04c23263c07db111a3f24a8cb"}
,"/var/www/hotReload/src/store/datas.js": {"path":"/var/www/hotReload/src/store/datas.js","statementMap":{"0":{"start":{"line":8,"column":12},"end":{"line":10,"column":2}},"1":{"start":{"line":12,"column":0},"end":{"line":12,"column":22}}},"fnMap":{},"branchMap":{},"s":{"0":1,"1":1},"f":{},"b":{},"_coverageSchema":"332fd63041d2c1bcb487cc26dd0d5f7d97098a6c","hash":"74bcee1c78b3a9308368bfd64b6669682922ed82"}
,"/var/www/hotReload/src/store/index.js": {"path":"/var/www/hotReload/src/store/index.js","statementMap":{},"fnMap":{},"branchMap":{},"s":{},"f":{},"b":{},"_coverageSchema":"332fd63041d2c1bcb487cc26dd0d5f7d97098a6c","hash":"914b678d46107136368a857e94cca9deb6bf3c7b"}
,"/var/www/hotReload/src/store/router.js": {"path":"/var/www/hotReload/src/store/router.js","statementMap":{"0":{"start":{"line":6,"column":19},"end":{"line":6,"column":44}},"1":{"start":{"line":9,"column":34},"end":{"line":9,"column":74}},"2":{"start":{"line":10,"column":15},"end":{"line":10,"column":49}},"3":{"start":{"line":12,"column":0},"end":{"line":12,"column":51}}},"fnMap":{},"branchMap":{},"s":{"0":1,"1":1,"2":1,"3":1},"f":{},"b":{},"_coverageSchema":"332fd63041d2c1bcb487cc26dd0d5f7d97098a6c","hash":"e2e1bf982d60a9094e4baad95bbf08cee768941d"}
}
