TN:
SF:/var/www/hotReload/src/theme.js
FN:11,(anonymous_0)
FN:12,(anonymous_1)
FNF:2
FNH:2
FNDA:40,(anonymous_0)
FNDA:4,(anonymous_1)
DA:2,8
DA:11,8
DA:12,40
DA:17,40
DA:21,8
DA:37,8
LF:6
LH:6
BRF:0
BRH:0
end_of_record
TN:
SF:/var/www/hotReload/src/components/H1.js
FNF:0
FNH:0
DA:3,1
LF:1
LH:1
BRF:0
BRH:0
end_of_record
TN:
SF:/var/www/hotReload/src/components/Link.js
FN:18,(anonymous_0)
FN:24,(anonymous_1)
FN:29,(anonymous_2)
FN:33,(anonymous_3)
FN:45,(anonymous_4)
FNF:5
FNH:2
FNDA:2,(anonymous_0)
FNDA:0,(anonymous_1)
FNDA:0,(anonymous_2)
FNDA:0,(anonymous_3)
FNDA:2,(anonymous_4)
DA:5,1
DA:20,2
DA:21,1
DA:23,2
DA:24,2
DA:25,0
DA:30,0
DA:34,0
DA:35,0
DA:37,0
DA:38,0
DA:41,0
DA:42,0
DA:46,2
DA:54,2
DA:56,2
DA:58,2
LF:17
LH:9
BRDA:20,0,0,1
BRDA:20,0,1,1
BRDA:23,1,0,2
BRDA:23,1,1,1
BRDA:23,1,2,0
BRDA:23,1,3,0
BRDA:25,2,0,0
BRDA:25,2,1,0
BRDA:25,2,2,0
BRDA:37,3,0,0
BRDA:37,3,1,0
BRDA:41,4,0,0
BRDA:41,4,1,0
BRDA:56,5,0,2
BRDA:56,5,1,0
BRF:15
BRH:5
end_of_record
TN:
SF:/var/www/hotReload/src/components/alert.js
FN:15,(anonymous_0)
FN:24,(anonymous_1)
FNF:2
FNH:2
FNDA:3,(anonymous_0)
FNDA:3,(anonymous_1)
DA:4,1
DA:16,3
DA:17,1
DA:25,3
DA:26,1
LF:5
LH:5
BRDA:16,0,0,1
BRDA:16,0,1,2
BRDA:25,1,0,1
BRDA:25,1,1,2
BRF:4
BRH:4
end_of_record
TN:
SF:/var/www/hotReload/src/components/box.js
FN:16,(anonymous_0)
FNF:1
FNH:1
FNDA:5,(anonymous_0)
DA:4,1
DA:17,5
DA:18,1
DA:21,4
DA:22,1
DA:25,3
DA:26,1
DA:29,2
DA:30,1
LF:9
LH:9
BRDA:17,0,0,1
BRDA:17,0,1,4
BRDA:21,1,0,1
BRDA:21,1,1,3
BRDA:25,2,0,1
BRDA:25,2,1,2
BRDA:29,3,0,1
BRDA:29,3,1,1
BRF:8
BRH:8
end_of_record
TN:
SF:/var/www/hotReload/src/components/button.js
FN:9,(anonymous_0)
FN:18,(anonymous_1)
FN:20,(anonymous_2)
FN:25,(anonymous_3)
FN:26,(anonymous_4)
FN:28,(anonymous_5)
FNF:6
FNH:6
FNDA:2,(anonymous_0)
FNDA:2,(anonymous_1)
FNDA:2,(anonymous_2)
FNDA:2,(anonymous_3)
FNDA:2,(anonymous_4)
FNDA:2,(anonymous_5)
DA:5,1
DA:9,2
DA:18,2
DA:20,2
DA:25,2
DA:26,2
DA:28,2
LF:7
LH:7
BRDA:9,0,0,1
BRDA:9,0,1,1
BRDA:18,1,0,1
BRDA:18,1,1,1
BRDA:20,2,0,1
BRDA:20,2,1,1
BRDA:25,3,0,1
BRDA:25,3,1,1
BRDA:26,4,0,1
BRDA:26,4,1,1
BRDA:28,5,0,1
BRDA:28,5,1,1
BRF:12
BRH:12
end_of_record
TN:
SF:/var/www/hotReload/src/components/column.js
FNF:0
FNH:0
DA:4,1
LF:1
LH:1
BRF:0
BRH:0
end_of_record
TN:
SF:/var/www/hotReload/src/components/input.js
FNF:0
FNH:0
DA:4,3
LF:1
LH:1
BRF:0
BRH:0
end_of_record
TN:
SF:/var/www/hotReload/src/components/row.js
FN:17,(anonymous_0)
FNF:1
FNH:1
FNDA:5,(anonymous_0)
DA:4,1
DA:18,5
DA:19,1
DA:22,4
DA:23,1
DA:26,3
DA:27,1
DA:30,2
DA:31,1
LF:9
LH:9
BRDA:18,0,0,1
BRDA:18,0,1,4
BRDA:22,1,0,1
BRDA:22,1,1,3
BRDA:26,2,0,1
BRDA:26,2,1,2
BRDA:30,3,0,1
BRDA:30,3,1,1
BRF:8
BRH:8
end_of_record
TN:
SF:/var/www/hotReload/src/components/select.js
FNF:0
FNH:0
DA:3,1
LF:1
LH:1
BRF:0
BRH:0
end_of_record
TN:
SF:/var/www/hotReload/src/components/textarea.js
FNF:0
FNH:0
DA:3,1
LF:1
LH:1
BRF:0
BRH:0
end_of_record
TN:
SF:/var/www/hotReload/src/reducers/toto.js
FN:6,selectedSubreddit
FNF:1
FNH:1
FNDA:2,selectedSubreddit
DA:1,1
DA:7,2
DA:9,0
DA:11,2
LF:4
LH:3
BRDA:6,0,0,1
BRDA:7,1,0,0
BRDA:7,1,1,2
BRF:3
BRH:2
end_of_record
TN:
SF:/var/www/hotReload/src/store/datas.js
FNF:0
FNH:0
DA:8,1
DA:12,1
LF:2
LH:2
BRF:0
BRH:0
end_of_record
TN:
SF:/var/www/hotReload/src/store/index.js
FNF:0
FNH:0
LF:0
LH:0
BRF:0
BRH:0
end_of_record
TN:
SF:/var/www/hotReload/src/store/router.js
FNF:0
FNH:0
DA:6,1
DA:9,1
DA:10,1
DA:12,1
LF:4
LH:4
BRF:0
BRH:0
end_of_record
